c:\Users\Lincoln\documents\visual studio 2010\Projects\Cnitgen\Cnitgen\Debug\cl.command.1.tlog
c:\Users\Lincoln\documents\visual studio 2010\Projects\Cnitgen\Cnitgen\Debug\CL.read.1.tlog
c:\Users\Lincoln\documents\visual studio 2010\Projects\Cnitgen\Cnitgen\Debug\CL.write.1.tlog
c:\Users\Lincoln\documents\visual studio 2010\Projects\Cnitgen\Cnitgen\Debug\Cnitgen.exe.embed.manifest
C:\USERS\LINCOLN\DOCUMENTS\VISUAL STUDIO 2010\PROJECTS\CNITGEN\CNITGEN\DEBUG\CNITGEN.EXE.EMBED.MANIFEST.RES
c:\Users\Lincoln\documents\visual studio 2010\Projects\Cnitgen\Cnitgen\Debug\Cnitgen.exe.intermediate.manifest
C:\USERS\LINCOLN\DOCUMENTS\VISUAL STUDIO 2010\PROJECTS\CNITGEN\CNITGEN\DEBUG\CNITGEN.OBJ
C:\USERS\LINCOLN\DOCUMENTS\VISUAL STUDIO 2010\PROJECTS\CNITGEN\CNITGEN\DEBUG\CNITGEN.PCH
c:\Users\Lincoln\documents\visual studio 2010\Projects\Cnitgen\Cnitgen\Debug\Cnitgen.write.1.tlog
c:\Users\Lincoln\documents\visual studio 2010\Projects\Cnitgen\Cnitgen\Debug\Cnitgen_manifest.rc
c:\Users\Lincoln\documents\visual studio 2010\Projects\Cnitgen\Cnitgen\Debug\link.command.1.tlog
c:\Users\Lincoln\documents\visual studio 2010\Projects\Cnitgen\Cnitgen\Debug\link.read.1.tlog
c:\Users\Lincoln\documents\visual studio 2010\Projects\Cnitgen\Cnitgen\Debug\link.write.1.tlog
c:\Users\Lincoln\documents\visual studio 2010\Projects\Cnitgen\Cnitgen\Debug\link-cvtres.read.1.tlog
c:\Users\Lincoln\documents\visual studio 2010\Projects\Cnitgen\Cnitgen\Debug\link-cvtres.write.1.tlog
c:\Users\Lincoln\documents\visual studio 2010\Projects\Cnitgen\Cnitgen\Debug\rc.command.1.tlog
c:\Users\Lincoln\documents\visual studio 2010\Projects\Cnitgen\Cnitgen\Debug\rc.read.1.tlog
c:\Users\Lincoln\documents\visual studio 2010\Projects\Cnitgen\Cnitgen\Debug\rc.write.1.tlog
C:\USERS\LINCOLN\DOCUMENTS\VISUAL STUDIO 2010\PROJECTS\CNITGEN\CNITGEN\DEBUG\STDAFX.OBJ
c:\Users\Lincoln\documents\visual studio 2010\Projects\Cnitgen\Cnitgen\Debug\vc100.idb
C:\USERS\LINCOLN\DOCUMENTS\VISUAL STUDIO 2010\PROJECTS\CNITGEN\CNITGEN\DEBUG\VC100.PDB
c:\users\lincoln\documents\visual studio 2010\Projects\Cnitgen\Debug\Cnitgen.pdb
